[2022-01-30 16:15:53,515] {taskinstance.py:1032} INFO - Dependencies all met for <TaskInstance: LocalIngestionDag.ingest scheduled__2021-02-02T06:00:00+00:00 [queued]>
[2022-01-30 16:15:53,543] {taskinstance.py:1032} INFO - Dependencies all met for <TaskInstance: LocalIngestionDag.ingest scheduled__2021-02-02T06:00:00+00:00 [queued]>
[2022-01-30 16:15:53,543] {taskinstance.py:1238} INFO - 
--------------------------------------------------------------------------------
[2022-01-30 16:15:53,562] {taskinstance.py:1239} INFO - Starting attempt 1 of 1
[2022-01-30 16:15:53,562] {taskinstance.py:1240} INFO - 
--------------------------------------------------------------------------------
[2022-01-30 16:15:53,612] {taskinstance.py:1259} INFO - Executing <Task(BashOperator): ingest> on 2021-02-02 06:00:00+00:00
[2022-01-30 16:15:53,618] {standard_task_runner.py:52} INFO - Started process 3857 to run task
[2022-01-30 16:15:53,630] {standard_task_runner.py:76} INFO - Running: ['***', 'tasks', 'run', 'LocalIngestionDag', 'ingest', 'scheduled__2021-02-02T06:00:00+00:00', '--job-id', '12', '--raw', '--subdir', 'DAGS_FOLDER/data_ingestion_local.py', '--cfg-path', '/tmp/tmp3wito_64', '--error-file', '/tmp/tmpv6rp_lly']
[2022-01-30 16:15:53,630] {standard_task_runner.py:77} INFO - Job 12: Subtask ingest
[2022-01-30 16:15:53,984] {logging_mixin.py:109} INFO - Running <TaskInstance: LocalIngestionDag.ingest scheduled__2021-02-02T06:00:00+00:00 [running]> on host 3a2cf9f2a065
[2022-01-30 16:15:54,171] {taskinstance.py:1426} INFO - Exporting the following env vars:
AIRFLOW_CTX_DAG_OWNER=***
AIRFLOW_CTX_DAG_ID=LocalIngestionDag
AIRFLOW_CTX_TASK_ID=ingest
AIRFLOW_CTX_EXECUTION_DATE=2021-02-02T06:00:00+00:00
AIRFLOW_CTX_DAG_RUN_ID=scheduled__2021-02-02T06:00:00+00:00
[2022-01-30 16:15:54,172] {subprocess.py:62} INFO - Tmp dir root location: 
 /tmp
[2022-01-30 16:15:54,172] {subprocess.py:74} INFO - Running command: ['bash', '-c', 'pwd']
[2022-01-30 16:15:54,192] {subprocess.py:85} INFO - Output:
[2022-01-30 16:15:54,194] {subprocess.py:89} INFO - /tmp/***tmpp251k9yx
[2022-01-30 16:15:54,195] {subprocess.py:93} INFO - Command exited with return code 0
[2022-01-30 16:15:54,233] {taskinstance.py:1277} INFO - Marking task as SUCCESS. dag_id=LocalIngestionDag, task_id=ingest, execution_date=20210202T060000, start_date=20220130T161553, end_date=20220130T161554
[2022-01-30 16:15:54,288] {local_task_job.py:154} INFO - Task exited with return code 0
[2022-01-30 16:15:54,346] {local_task_job.py:264} INFO - 0 downstream tasks scheduled from follow-on schedule check
