[2022-01-30 16:15:55,720] {taskinstance.py:1032} INFO - Dependencies all met for <TaskInstance: LocalIngestionDag.ingest scheduled__2021-07-02T06:00:00+00:00 [queued]>
[2022-01-30 16:15:55,730] {taskinstance.py:1032} INFO - Dependencies all met for <TaskInstance: LocalIngestionDag.ingest scheduled__2021-07-02T06:00:00+00:00 [queued]>
[2022-01-30 16:15:55,730] {taskinstance.py:1238} INFO - 
--------------------------------------------------------------------------------
[2022-01-30 16:15:55,730] {taskinstance.py:1239} INFO - Starting attempt 1 of 1
[2022-01-30 16:15:55,730] {taskinstance.py:1240} INFO - 
--------------------------------------------------------------------------------
[2022-01-30 16:15:55,743] {taskinstance.py:1259} INFO - Executing <Task(BashOperator): ingest> on 2021-07-02 06:00:00+00:00
[2022-01-30 16:15:55,749] {standard_task_runner.py:52} INFO - Started process 3876 to run task
[2022-01-30 16:15:55,754] {standard_task_runner.py:76} INFO - Running: ['***', 'tasks', 'run', 'LocalIngestionDag', 'ingest', 'scheduled__2021-07-02T06:00:00+00:00', '--job-id', '18', '--raw', '--subdir', 'DAGS_FOLDER/data_ingestion_local.py', '--cfg-path', '/tmp/tmpdj6yq20m', '--error-file', '/tmp/tmpeoiu5t_l']
[2022-01-30 16:15:55,754] {standard_task_runner.py:77} INFO - Job 18: Subtask ingest
[2022-01-30 16:15:55,808] {logging_mixin.py:109} INFO - Running <TaskInstance: LocalIngestionDag.ingest scheduled__2021-07-02T06:00:00+00:00 [running]> on host 3a2cf9f2a065
[2022-01-30 16:15:55,925] {taskinstance.py:1426} INFO - Exporting the following env vars:
AIRFLOW_CTX_DAG_OWNER=***
AIRFLOW_CTX_DAG_ID=LocalIngestionDag
AIRFLOW_CTX_TASK_ID=ingest
AIRFLOW_CTX_EXECUTION_DATE=2021-07-02T06:00:00+00:00
AIRFLOW_CTX_DAG_RUN_ID=scheduled__2021-07-02T06:00:00+00:00
[2022-01-30 16:15:55,926] {subprocess.py:62} INFO - Tmp dir root location: 
 /tmp
[2022-01-30 16:15:55,926] {subprocess.py:74} INFO - Running command: ['bash', '-c', 'pwd']
[2022-01-30 16:15:55,945] {subprocess.py:85} INFO - Output:
[2022-01-30 16:15:55,951] {subprocess.py:89} INFO - /tmp/***tmpxwao448a
[2022-01-30 16:15:55,953] {subprocess.py:93} INFO - Command exited with return code 0
[2022-01-30 16:15:55,973] {taskinstance.py:1277} INFO - Marking task as SUCCESS. dag_id=LocalIngestionDag, task_id=ingest, execution_date=20210702T060000, start_date=20220130T161555, end_date=20220130T161555
[2022-01-30 16:15:56,012] {local_task_job.py:154} INFO - Task exited with return code 0
[2022-01-30 16:15:56,138] {local_task_job.py:264} INFO - 0 downstream tasks scheduled from follow-on schedule check
