[2022-01-30 17:37:48,177] {taskinstance.py:1032} INFO - Dependencies all met for <TaskInstance: LocalIngestionDag.wget scheduled__2021-02-02T06:00:00+00:00 [queued]>
[2022-01-30 17:37:48,184] {taskinstance.py:1032} INFO - Dependencies all met for <TaskInstance: LocalIngestionDag.wget scheduled__2021-02-02T06:00:00+00:00 [queued]>
[2022-01-30 17:37:48,184] {taskinstance.py:1238} INFO - 
--------------------------------------------------------------------------------
[2022-01-30 17:37:48,184] {taskinstance.py:1239} INFO - Starting attempt 2 of 2
[2022-01-30 17:37:48,184] {taskinstance.py:1240} INFO - 
--------------------------------------------------------------------------------
[2022-01-30 17:37:48,193] {taskinstance.py:1259} INFO - Executing <Task(BashOperator): wget> on 2021-02-02 06:00:00+00:00
[2022-01-30 17:37:48,196] {standard_task_runner.py:52} INFO - Started process 8153 to run task
[2022-01-30 17:37:48,198] {standard_task_runner.py:76} INFO - Running: ['***', 'tasks', 'run', 'LocalIngestionDag', 'wget', 'scheduled__2021-02-02T06:00:00+00:00', '--job-id', '39', '--raw', '--subdir', 'DAGS_FOLDER/data_ingestion_local.py', '--cfg-path', '/tmp/tmp994ndr34', '--error-file', '/tmp/tmpv00_6ed1']
[2022-01-30 17:37:48,199] {standard_task_runner.py:77} INFO - Job 39: Subtask wget
[2022-01-30 17:37:48,255] {logging_mixin.py:109} INFO - Running <TaskInstance: LocalIngestionDag.wget scheduled__2021-02-02T06:00:00+00:00 [running]> on host 3a2cf9f2a065
[2022-01-30 17:37:48,286] {warnings.py:110} WARNING - /home/***/.local/lib/python3.7/site-packages/***/utils/context.py:152: AirflowContextDeprecationWarning: Accessing 'execution_date' from the template is deprecated and will be removed in a future version. Please use 'data_interval_start' or 'logical_date' instead.
  warnings.warn(_create_deprecation_warning(key, self._deprecation_replacements[key]))

[2022-01-30 17:37:48,306] {taskinstance.py:1426} INFO - Exporting the following env vars:
AIRFLOW_CTX_DAG_OWNER=***
AIRFLOW_CTX_DAG_ID=LocalIngestionDag
AIRFLOW_CTX_TASK_ID=wget
AIRFLOW_CTX_EXECUTION_DATE=2021-02-02T06:00:00+00:00
AIRFLOW_CTX_DAG_RUN_ID=scheduled__2021-02-02T06:00:00+00:00
[2022-01-30 17:37:48,306] {subprocess.py:62} INFO - Tmp dir root location: 
 /tmp
[2022-01-30 17:37:48,307] {subprocess.py:74} INFO - Running command: ['bash', '-c', 'echo "2021-02"']
[2022-01-30 17:37:48,314] {subprocess.py:85} INFO - Output:
[2022-01-30 17:37:48,316] {subprocess.py:89} INFO - 2021-02
[2022-01-30 17:37:48,316] {subprocess.py:93} INFO - Command exited with return code 0
[2022-01-30 17:37:48,337] {taskinstance.py:1277} INFO - Marking task as SUCCESS. dag_id=LocalIngestionDag, task_id=wget, execution_date=20210202T060000, start_date=20220130T173748, end_date=20220130T173748
[2022-01-30 17:37:48,372] {local_task_job.py:154} INFO - Task exited with return code 0
[2022-01-30 17:37:48,404] {local_task_job.py:264} INFO - 1 downstream tasks scheduled from follow-on schedule check
