[2022-01-30 16:15:52,123] {taskinstance.py:1032} INFO - Dependencies all met for <TaskInstance: LocalIngestionDag.wget scheduled__2021-01-02T06:00:00+00:00 [queued]>
[2022-01-30 16:15:52,133] {taskinstance.py:1032} INFO - Dependencies all met for <TaskInstance: LocalIngestionDag.wget scheduled__2021-01-02T06:00:00+00:00 [queued]>
[2022-01-30 16:15:52,133] {taskinstance.py:1238} INFO - 
--------------------------------------------------------------------------------
[2022-01-30 16:15:52,133] {taskinstance.py:1239} INFO - Starting attempt 1 of 1
[2022-01-30 16:15:52,133] {taskinstance.py:1240} INFO - 
--------------------------------------------------------------------------------
[2022-01-30 16:15:52,143] {taskinstance.py:1259} INFO - Executing <Task(BashOperator): wget> on 2021-01-02 06:00:00+00:00
[2022-01-30 16:15:52,147] {standard_task_runner.py:52} INFO - Started process 3836 to run task
[2022-01-30 16:15:52,158] {standard_task_runner.py:76} INFO - Running: ['***', 'tasks', 'run', 'LocalIngestionDag', 'wget', 'scheduled__2021-01-02T06:00:00+00:00', '--job-id', '5', '--raw', '--subdir', 'DAGS_FOLDER/data_ingestion_local.py', '--cfg-path', '/tmp/tmp72w3_ii3', '--error-file', '/tmp/tmpmej9ju_i']
[2022-01-30 16:15:52,160] {standard_task_runner.py:77} INFO - Job 5: Subtask wget
[2022-01-30 16:15:52,234] {logging_mixin.py:109} INFO - Running <TaskInstance: LocalIngestionDag.wget scheduled__2021-01-02T06:00:00+00:00 [running]> on host 3a2cf9f2a065
[2022-01-30 16:15:52,302] {taskinstance.py:1426} INFO - Exporting the following env vars:
AIRFLOW_CTX_DAG_OWNER=***
AIRFLOW_CTX_DAG_ID=LocalIngestionDag
AIRFLOW_CTX_TASK_ID=wget
AIRFLOW_CTX_EXECUTION_DATE=2021-01-02T06:00:00+00:00
AIRFLOW_CTX_DAG_RUN_ID=scheduled__2021-01-02T06:00:00+00:00
[2022-01-30 16:15:52,303] {subprocess.py:62} INFO - Tmp dir root location: 
 /tmp
[2022-01-30 16:15:52,303] {subprocess.py:74} INFO - Running command: ['bash', '-c', 'echo "hello world"']
[2022-01-30 16:15:52,336] {subprocess.py:85} INFO - Output:
[2022-01-30 16:15:52,338] {subprocess.py:89} INFO - hello world
[2022-01-30 16:15:52,338] {subprocess.py:93} INFO - Command exited with return code 0
[2022-01-30 16:15:52,419] {taskinstance.py:1277} INFO - Marking task as SUCCESS. dag_id=LocalIngestionDag, task_id=wget, execution_date=20210102T060000, start_date=20220130T161552, end_date=20220130T161552
[2022-01-30 16:15:52,460] {local_task_job.py:154} INFO - Task exited with return code 0
[2022-01-30 16:15:52,622] {local_task_job.py:264} INFO - 0 downstream tasks scheduled from follow-on schedule check
