[2022-01-30 16:59:15,139] {taskinstance.py:1032} INFO - Dependencies all met for <TaskInstance: LocalIngestionDag.wget scheduled__2021-01-02T06:00:00+00:00 [queued]>
[2022-01-30 16:59:15,149] {taskinstance.py:1032} INFO - Dependencies all met for <TaskInstance: LocalIngestionDag.wget scheduled__2021-01-02T06:00:00+00:00 [queued]>
[2022-01-30 16:59:15,149] {taskinstance.py:1238} INFO - 
--------------------------------------------------------------------------------
[2022-01-30 16:59:15,149] {taskinstance.py:1239} INFO - Starting attempt 3 of 3
[2022-01-30 16:59:15,149] {taskinstance.py:1240} INFO - 
--------------------------------------------------------------------------------
[2022-01-30 16:59:15,158] {taskinstance.py:1259} INFO - Executing <Task(BashOperator): wget> on 2021-01-02 06:00:00+00:00
[2022-01-30 16:59:15,161] {standard_task_runner.py:52} INFO - Started process 6114 to run task
[2022-01-30 16:59:15,165] {standard_task_runner.py:76} INFO - Running: ['***', 'tasks', 'run', 'LocalIngestionDag', 'wget', 'scheduled__2021-01-02T06:00:00+00:00', '--job-id', '32', '--raw', '--subdir', 'DAGS_FOLDER/data_ingestion_local.py', '--cfg-path', '/tmp/tmpw9lj88kx', '--error-file', '/tmp/tmp6teg2nff']
[2022-01-30 16:59:15,165] {standard_task_runner.py:77} INFO - Job 32: Subtask wget
[2022-01-30 16:59:15,205] {logging_mixin.py:109} INFO - Running <TaskInstance: LocalIngestionDag.wget scheduled__2021-01-02T06:00:00+00:00 [running]> on host 3a2cf9f2a065
[2022-01-30 16:59:15,246] {taskinstance.py:1426} INFO - Exporting the following env vars:
AIRFLOW_CTX_DAG_OWNER=***
AIRFLOW_CTX_DAG_ID=LocalIngestionDag
AIRFLOW_CTX_TASK_ID=wget
AIRFLOW_CTX_EXECUTION_DATE=2021-01-02T06:00:00+00:00
AIRFLOW_CTX_DAG_RUN_ID=scheduled__2021-01-02T06:00:00+00:00
[2022-01-30 16:59:15,246] {subprocess.py:62} INFO - Tmp dir root location: 
 /tmp
[2022-01-30 16:59:15,247] {subprocess.py:74} INFO - Running command: ['bash', '-c', 'curl -sSL https://s3.amazonaws.com/nyc-tlc/trip+data/yellow_tripdata_2021-01.csv > /opt/***/output.csv']
[2022-01-30 16:59:15,257] {subprocess.py:85} INFO - Output:
[2022-01-30 16:59:32,992] {subprocess.py:93} INFO - Command exited with return code 0
[2022-01-30 16:59:33,012] {taskinstance.py:1277} INFO - Marking task as SUCCESS. dag_id=LocalIngestionDag, task_id=wget, execution_date=20210102T060000, start_date=20220130T165915, end_date=20220130T165933
[2022-01-30 16:59:33,047] {local_task_job.py:154} INFO - Task exited with return code 0
[2022-01-30 16:59:33,075] {local_task_job.py:264} INFO - 1 downstream tasks scheduled from follow-on schedule check
