[2022-01-30 16:15:55,756] {taskinstance.py:1032} INFO - Dependencies all met for <TaskInstance: LocalIngestionDag.ingest scheduled__2021-05-02T06:00:00+00:00 [queued]>
[2022-01-30 16:15:55,783] {taskinstance.py:1032} INFO - Dependencies all met for <TaskInstance: LocalIngestionDag.ingest scheduled__2021-05-02T06:00:00+00:00 [queued]>
[2022-01-30 16:15:55,786] {taskinstance.py:1238} INFO - 
--------------------------------------------------------------------------------
[2022-01-30 16:15:55,786] {taskinstance.py:1239} INFO - Starting attempt 1 of 1
[2022-01-30 16:15:55,786] {taskinstance.py:1240} INFO - 
--------------------------------------------------------------------------------
[2022-01-30 16:15:55,823] {taskinstance.py:1259} INFO - Executing <Task(BashOperator): ingest> on 2021-05-02 06:00:00+00:00
[2022-01-30 16:15:55,848] {standard_task_runner.py:52} INFO - Started process 3878 to run task
[2022-01-30 16:15:55,853] {standard_task_runner.py:76} INFO - Running: ['***', 'tasks', 'run', 'LocalIngestionDag', 'ingest', 'scheduled__2021-05-02T06:00:00+00:00', '--job-id', '19', '--raw', '--subdir', 'DAGS_FOLDER/data_ingestion_local.py', '--cfg-path', '/tmp/tmp8h8bv_0n', '--error-file', '/tmp/tmplo_v02bl']
[2022-01-30 16:15:55,854] {standard_task_runner.py:77} INFO - Job 19: Subtask ingest
[2022-01-30 16:15:55,964] {logging_mixin.py:109} INFO - Running <TaskInstance: LocalIngestionDag.ingest scheduled__2021-05-02T06:00:00+00:00 [running]> on host 3a2cf9f2a065
[2022-01-30 16:15:56,011] {taskinstance.py:1426} INFO - Exporting the following env vars:
AIRFLOW_CTX_DAG_OWNER=***
AIRFLOW_CTX_DAG_ID=LocalIngestionDag
AIRFLOW_CTX_TASK_ID=ingest
AIRFLOW_CTX_EXECUTION_DATE=2021-05-02T06:00:00+00:00
AIRFLOW_CTX_DAG_RUN_ID=scheduled__2021-05-02T06:00:00+00:00
[2022-01-30 16:15:56,012] {subprocess.py:62} INFO - Tmp dir root location: 
 /tmp
[2022-01-30 16:15:56,013] {subprocess.py:74} INFO - Running command: ['bash', '-c', 'pwd']
[2022-01-30 16:15:56,021] {subprocess.py:85} INFO - Output:
[2022-01-30 16:15:56,021] {subprocess.py:89} INFO - /tmp/***tmpmx3zu5sf
[2022-01-30 16:15:56,021] {subprocess.py:93} INFO - Command exited with return code 0
[2022-01-30 16:15:56,113] {taskinstance.py:1277} INFO - Marking task as SUCCESS. dag_id=LocalIngestionDag, task_id=ingest, execution_date=20210502T060000, start_date=20220130T161555, end_date=20220130T161556
[2022-01-30 16:15:56,214] {local_task_job.py:154} INFO - Task exited with return code 0
[2022-01-30 16:15:56,303] {local_task_job.py:264} INFO - 0 downstream tasks scheduled from follow-on schedule check
