[2022-01-30 16:15:53,227] {taskinstance.py:1032} INFO - Dependencies all met for <TaskInstance: LocalIngestionDag.ingest manual__2022-01-30T16:15:51.217012+00:00 [queued]>
[2022-01-30 16:15:53,251] {taskinstance.py:1032} INFO - Dependencies all met for <TaskInstance: LocalIngestionDag.ingest manual__2022-01-30T16:15:51.217012+00:00 [queued]>
[2022-01-30 16:15:53,251] {taskinstance.py:1238} INFO - 
--------------------------------------------------------------------------------
[2022-01-30 16:15:53,251] {taskinstance.py:1239} INFO - Starting attempt 1 of 1
[2022-01-30 16:15:53,251] {taskinstance.py:1240} INFO - 
--------------------------------------------------------------------------------
[2022-01-30 16:15:53,272] {taskinstance.py:1259} INFO - Executing <Task(BashOperator): ingest> on 2022-01-30 16:15:51.217012+00:00
[2022-01-30 16:15:53,279] {standard_task_runner.py:52} INFO - Started process 3853 to run task
[2022-01-30 16:15:53,286] {standard_task_runner.py:76} INFO - Running: ['***', 'tasks', 'run', 'LocalIngestionDag', 'ingest', 'manual__2022-01-30T16:15:51.217012+00:00', '--job-id', '11', '--raw', '--subdir', 'DAGS_FOLDER/data_ingestion_local.py', '--cfg-path', '/tmp/tmpyapha4o1', '--error-file', '/tmp/tmpshe2l5fu']
[2022-01-30 16:15:53,286] {standard_task_runner.py:77} INFO - Job 11: Subtask ingest
[2022-01-30 16:15:53,482] {logging_mixin.py:109} INFO - Running <TaskInstance: LocalIngestionDag.ingest manual__2022-01-30T16:15:51.217012+00:00 [running]> on host 3a2cf9f2a065
[2022-01-30 16:15:53,623] {taskinstance.py:1426} INFO - Exporting the following env vars:
AIRFLOW_CTX_DAG_OWNER=***
AIRFLOW_CTX_DAG_ID=LocalIngestionDag
AIRFLOW_CTX_TASK_ID=ingest
AIRFLOW_CTX_EXECUTION_DATE=2022-01-30T16:15:51.217012+00:00
AIRFLOW_CTX_DAG_RUN_ID=manual__2022-01-30T16:15:51.217012+00:00
[2022-01-30 16:15:53,624] {subprocess.py:62} INFO - Tmp dir root location: 
 /tmp
[2022-01-30 16:15:53,625] {subprocess.py:74} INFO - Running command: ['bash', '-c', 'pwd']
[2022-01-30 16:15:53,653] {subprocess.py:85} INFO - Output:
[2022-01-30 16:15:53,654] {subprocess.py:89} INFO - /tmp/***tmpunvnrbpk
[2022-01-30 16:15:53,663] {subprocess.py:93} INFO - Command exited with return code 0
[2022-01-30 16:15:53,771] {taskinstance.py:1277} INFO - Marking task as SUCCESS. dag_id=LocalIngestionDag, task_id=ingest, execution_date=20220130T161551, start_date=20220130T161553, end_date=20220130T161553
[2022-01-30 16:15:53,866] {local_task_job.py:154} INFO - Task exited with return code 0
[2022-01-30 16:15:54,048] {local_task_job.py:264} INFO - 0 downstream tasks scheduled from follow-on schedule check
