[2022-01-30 16:15:58,593] {taskinstance.py:1032} INFO - Dependencies all met for <TaskInstance: LocalIngestionDag.ingest scheduled__2021-08-02T06:00:00+00:00 [queued]>
[2022-01-30 16:15:58,614] {taskinstance.py:1032} INFO - Dependencies all met for <TaskInstance: LocalIngestionDag.ingest scheduled__2021-08-02T06:00:00+00:00 [queued]>
[2022-01-30 16:15:58,614] {taskinstance.py:1238} INFO - 
--------------------------------------------------------------------------------
[2022-01-30 16:15:58,614] {taskinstance.py:1239} INFO - Starting attempt 1 of 1
[2022-01-30 16:15:58,614] {taskinstance.py:1240} INFO - 
--------------------------------------------------------------------------------
[2022-01-30 16:15:58,639] {taskinstance.py:1259} INFO - Executing <Task(BashOperator): ingest> on 2021-08-02 06:00:00+00:00
[2022-01-30 16:15:58,648] {standard_task_runner.py:52} INFO - Started process 3899 to run task
[2022-01-30 16:15:58,657] {standard_task_runner.py:76} INFO - Running: ['***', 'tasks', 'run', 'LocalIngestionDag', 'ingest', 'scheduled__2021-08-02T06:00:00+00:00', '--job-id', '24', '--raw', '--subdir', 'DAGS_FOLDER/data_ingestion_local.py', '--cfg-path', '/tmp/tmpgxp11wcm', '--error-file', '/tmp/tmpzoebaxla']
[2022-01-30 16:15:58,658] {standard_task_runner.py:77} INFO - Job 24: Subtask ingest
[2022-01-30 16:15:58,809] {logging_mixin.py:109} INFO - Running <TaskInstance: LocalIngestionDag.ingest scheduled__2021-08-02T06:00:00+00:00 [running]> on host 3a2cf9f2a065
[2022-01-30 16:15:58,958] {taskinstance.py:1426} INFO - Exporting the following env vars:
AIRFLOW_CTX_DAG_OWNER=***
AIRFLOW_CTX_DAG_ID=LocalIngestionDag
AIRFLOW_CTX_TASK_ID=ingest
AIRFLOW_CTX_EXECUTION_DATE=2021-08-02T06:00:00+00:00
AIRFLOW_CTX_DAG_RUN_ID=scheduled__2021-08-02T06:00:00+00:00
[2022-01-30 16:15:58,965] {subprocess.py:62} INFO - Tmp dir root location: 
 /tmp
[2022-01-30 16:15:58,965] {subprocess.py:74} INFO - Running command: ['bash', '-c', 'pwd']
[2022-01-30 16:15:59,014] {subprocess.py:85} INFO - Output:
[2022-01-30 16:15:59,019] {subprocess.py:89} INFO - /tmp/***tmpq0uicoay
[2022-01-30 16:15:59,019] {subprocess.py:93} INFO - Command exited with return code 0
[2022-01-30 16:15:59,076] {taskinstance.py:1277} INFO - Marking task as SUCCESS. dag_id=LocalIngestionDag, task_id=ingest, execution_date=20210802T060000, start_date=20220130T161558, end_date=20220130T161559
[2022-01-30 16:15:59,110] {local_task_job.py:154} INFO - Task exited with return code 0
[2022-01-30 16:15:59,165] {local_task_job.py:264} INFO - 0 downstream tasks scheduled from follow-on schedule check
