[2022-01-30 16:15:59,076] {taskinstance.py:1032} INFO - Dependencies all met for <TaskInstance: LocalIngestionDag.wget scheduled__2021-12-02T06:00:00+00:00 [queued]>
[2022-01-30 16:15:59,089] {taskinstance.py:1032} INFO - Dependencies all met for <TaskInstance: LocalIngestionDag.wget scheduled__2021-12-02T06:00:00+00:00 [queued]>
[2022-01-30 16:15:59,090] {taskinstance.py:1238} INFO - 
--------------------------------------------------------------------------------
[2022-01-30 16:15:59,090] {taskinstance.py:1239} INFO - Starting attempt 1 of 1
[2022-01-30 16:15:59,090] {taskinstance.py:1240} INFO - 
--------------------------------------------------------------------------------
[2022-01-30 16:15:59,125] {taskinstance.py:1259} INFO - Executing <Task(BashOperator): wget> on 2021-12-02 06:00:00+00:00
[2022-01-30 16:15:59,133] {standard_task_runner.py:52} INFO - Started process 3910 to run task
[2022-01-30 16:15:59,156] {standard_task_runner.py:76} INFO - Running: ['***', 'tasks', 'run', 'LocalIngestionDag', 'wget', 'scheduled__2021-12-02T06:00:00+00:00', '--job-id', '27', '--raw', '--subdir', 'DAGS_FOLDER/data_ingestion_local.py', '--cfg-path', '/tmp/tmp36ybiilf', '--error-file', '/tmp/tmpt3fkpnta']
[2022-01-30 16:15:59,156] {standard_task_runner.py:77} INFO - Job 27: Subtask wget
[2022-01-30 16:15:59,293] {logging_mixin.py:109} INFO - Running <TaskInstance: LocalIngestionDag.wget scheduled__2021-12-02T06:00:00+00:00 [running]> on host 3a2cf9f2a065
[2022-01-30 16:15:59,368] {taskinstance.py:1426} INFO - Exporting the following env vars:
AIRFLOW_CTX_DAG_OWNER=***
AIRFLOW_CTX_DAG_ID=LocalIngestionDag
AIRFLOW_CTX_TASK_ID=wget
AIRFLOW_CTX_EXECUTION_DATE=2021-12-02T06:00:00+00:00
AIRFLOW_CTX_DAG_RUN_ID=scheduled__2021-12-02T06:00:00+00:00
[2022-01-30 16:15:59,368] {subprocess.py:62} INFO - Tmp dir root location: 
 /tmp
[2022-01-30 16:15:59,369] {subprocess.py:74} INFO - Running command: ['bash', '-c', 'echo "hello world"']
[2022-01-30 16:15:59,383] {subprocess.py:85} INFO - Output:
[2022-01-30 16:15:59,385] {subprocess.py:89} INFO - hello world
[2022-01-30 16:15:59,385] {subprocess.py:93} INFO - Command exited with return code 0
[2022-01-30 16:15:59,405] {taskinstance.py:1277} INFO - Marking task as SUCCESS. dag_id=LocalIngestionDag, task_id=wget, execution_date=20211202T060000, start_date=20220130T161559, end_date=20220130T161559
[2022-01-30 16:15:59,446] {local_task_job.py:154} INFO - Task exited with return code 0
[2022-01-30 16:15:59,498] {local_task_job.py:264} INFO - 1 downstream tasks scheduled from follow-on schedule check
