[2022-01-30 16:15:54,231] {taskinstance.py:1032} INFO - Dependencies all met for <TaskInstance: LocalIngestionDag.wget scheduled__2021-06-02T06:00:00+00:00 [queued]>
[2022-01-30 16:15:54,253] {taskinstance.py:1032} INFO - Dependencies all met for <TaskInstance: LocalIngestionDag.wget scheduled__2021-06-02T06:00:00+00:00 [queued]>
[2022-01-30 16:15:54,253] {taskinstance.py:1238} INFO - 
--------------------------------------------------------------------------------
[2022-01-30 16:15:54,253] {taskinstance.py:1239} INFO - Starting attempt 1 of 1
[2022-01-30 16:15:54,253] {taskinstance.py:1240} INFO - 
--------------------------------------------------------------------------------
[2022-01-30 16:15:54,266] {taskinstance.py:1259} INFO - Executing <Task(BashOperator): wget> on 2021-06-02 06:00:00+00:00
[2022-01-30 16:15:54,270] {standard_task_runner.py:52} INFO - Started process 3866 to run task
[2022-01-30 16:15:54,278] {standard_task_runner.py:76} INFO - Running: ['***', 'tasks', 'run', 'LocalIngestionDag', 'wget', 'scheduled__2021-06-02T06:00:00+00:00', '--job-id', '15', '--raw', '--subdir', 'DAGS_FOLDER/data_ingestion_local.py', '--cfg-path', '/tmp/tmpp_438vwt', '--error-file', '/tmp/tmpx5r8sr_z']
[2022-01-30 16:15:54,279] {standard_task_runner.py:77} INFO - Job 15: Subtask wget
[2022-01-30 16:15:54,399] {logging_mixin.py:109} INFO - Running <TaskInstance: LocalIngestionDag.wget scheduled__2021-06-02T06:00:00+00:00 [running]> on host 3a2cf9f2a065
[2022-01-30 16:15:54,489] {taskinstance.py:1426} INFO - Exporting the following env vars:
AIRFLOW_CTX_DAG_OWNER=***
AIRFLOW_CTX_DAG_ID=LocalIngestionDag
AIRFLOW_CTX_TASK_ID=wget
AIRFLOW_CTX_EXECUTION_DATE=2021-06-02T06:00:00+00:00
AIRFLOW_CTX_DAG_RUN_ID=scheduled__2021-06-02T06:00:00+00:00
[2022-01-30 16:15:54,489] {subprocess.py:62} INFO - Tmp dir root location: 
 /tmp
[2022-01-30 16:15:54,490] {subprocess.py:74} INFO - Running command: ['bash', '-c', 'echo "hello world"']
[2022-01-30 16:15:54,500] {subprocess.py:85} INFO - Output:
[2022-01-30 16:15:54,502] {subprocess.py:89} INFO - hello world
[2022-01-30 16:15:54,502] {subprocess.py:93} INFO - Command exited with return code 0
[2022-01-30 16:15:54,521] {taskinstance.py:1277} INFO - Marking task as SUCCESS. dag_id=LocalIngestionDag, task_id=wget, execution_date=20210602T060000, start_date=20220130T161554, end_date=20220130T161554
[2022-01-30 16:15:54,555] {local_task_job.py:154} INFO - Task exited with return code 0
[2022-01-30 16:15:54,589] {local_task_job.py:264} INFO - 1 downstream tasks scheduled from follow-on schedule check
